CardOut.wav
Error.wav
Touch.wav
ic_kiosk.ico
ic_kiosk_s.ico
Payco.exe
PaycoLogMgr.exe
PaycoUpdate.exe
XGolf.exe
fbclient.dll
FDK_Module.dll
icudt30.dll
icuin30.dll
icuuc30.dll
JTSignEnc.dll
KernelBase.dll
KisDongleDll.dll
KSNetSignBMPX.dll
libeay32.dll
libKCP.dll
libKCPSecure.dll
NBioBSP.dll
NBioBSPCOM.dll
NBSP2Kor.dll
NiceSignEnc.dll
PaycoKcpSignPadLib.dll
PaycoNfc.dll
PaycoNfcLib.dll
PaycoSignPadCtrl.dll
PSHook.dll
QrGen.dll
REXOD_LIB.dll
SCSproX.dll
ssleay32.dll
UCBioBSP.dll
UCBioBSPCOM.dll
UCBioBSPSkin_Kor.dll
UFExtractor.dll
UFMatcher.dll
UFScanner.dll
